2022-12-10 22:32:19,170 ERROR: Exception on /auth/login [GET] [in /home/heroskin12/vietsight/venv/lib/python3.10/site-packages/flask/app.py:1741]
Traceback (most recent call last):
  File "/home/heroskin12/vietsight/venv/lib/python3.10/site-packages/flask/app.py", line 2525, in wsgi_app
    response = self.full_dispatch_request()
  File "/home/heroskin12/vietsight/venv/lib/python3.10/site-packages/flask/app.py", line 1822, in full_dispatch_request
    rv = self.handle_user_exception(e)
  File "/home/heroskin12/vietsight/venv/lib/python3.10/site-packages/flask/app.py", line 1820, in full_dispatch_request
    rv = self.dispatch_request()
  File "/home/heroskin12/vietsight/venv/lib/python3.10/site-packages/flask/app.py", line 1796, in dispatch_request
    return self.ensure_sync(self.view_functions[rule.endpoint])(**view_args)
  File "/home/heroskin12/vietsight/app/auth/routes.py", line 26, in login
    form = LoginForm()
  File "/home/heroskin12/vietsight/venv/lib/python3.10/site-packages/wtforms/form.py", line 208, in __call__
    return type.__call__(cls, *args, **kwargs)
  File "/home/heroskin12/vietsight/venv/lib/python3.10/site-packages/flask_wtf/form.py", line 73, in __init__
    super().__init__(formdata=formdata, **kwargs)
  File "/home/heroskin12/vietsight/venv/lib/python3.10/site-packages/wtforms/form.py", line 286, in __init__
    self.process(formdata, obj, data=data, **kwargs)
  File "/home/heroskin12/vietsight/venv/lib/python3.10/site-packages/wtforms/form.py", line 127, in process
    field.process(formdata, data, extra_filters=field_extra_filters)
  File "/home/heroskin12/vietsight/venv/lib/python3.10/site-packages/wtforms/csrf/core.py", line 44, in process
    self.current_token = self.csrf_impl.generate_csrf_token(self)
  File "/home/heroskin12/vietsight/venv/lib/python3.10/site-packages/flask_wtf/csrf.py", line 147, in generate_csrf_token
    return generate_csrf(
  File "/home/heroskin12/vietsight/venv/lib/python3.10/site-packages/flask_wtf/csrf.py", line 36, in generate_csrf
    secret_key = _get_config(
  File "/home/heroskin12/vietsight/venv/lib/python3.10/site-packages/flask_wtf/csrf.py", line 136, in _get_config
    raise RuntimeError(message)
RuntimeError: A secret key is required to use CSRF.
2022-12-10 22:32:23,488 ERROR: Exception on /auth/login [GET] [in /home/heroskin12/vietsight/venv/lib/python3.10/site-packages/flask/app.py:1741]
Traceback (most recent call last):
  File "/home/heroskin12/vietsight/venv/lib/python3.10/site-packages/flask/app.py", line 2525, in wsgi_app
    response = self.full_dispatch_request()
  File "/home/heroskin12/vietsight/venv/lib/python3.10/site-packages/flask/app.py", line 1822, in full_dispatch_request
    rv = self.handle_user_exception(e)
  File "/home/heroskin12/vietsight/venv/lib/python3.10/site-packages/flask/app.py", line 1820, in full_dispatch_request
    rv = self.dispatch_request()
  File "/home/heroskin12/vietsight/venv/lib/python3.10/site-packages/flask/app.py", line 1796, in dispatch_request
    return self.ensure_sync(self.view_functions[rule.endpoint])(**view_args)
  File "/home/heroskin12/vietsight/app/auth/routes.py", line 26, in login
    form = LoginForm()
  File "/home/heroskin12/vietsight/venv/lib/python3.10/site-packages/wtforms/form.py", line 208, in __call__
    return type.__call__(cls, *args, **kwargs)
  File "/home/heroskin12/vietsight/venv/lib/python3.10/site-packages/flask_wtf/form.py", line 73, in __init__
    super().__init__(formdata=formdata, **kwargs)
  File "/home/heroskin12/vietsight/venv/lib/python3.10/site-packages/wtforms/form.py", line 286, in __init__
    self.process(formdata, obj, data=data, **kwargs)
  File "/home/heroskin12/vietsight/venv/lib/python3.10/site-packages/wtforms/form.py", line 127, in process
    field.process(formdata, data, extra_filters=field_extra_filters)
  File "/home/heroskin12/vietsight/venv/lib/python3.10/site-packages/wtforms/csrf/core.py", line 44, in process
    self.current_token = self.csrf_impl.generate_csrf_token(self)
  File "/home/heroskin12/vietsight/venv/lib/python3.10/site-packages/flask_wtf/csrf.py", line 147, in generate_csrf_token
    return generate_csrf(
  File "/home/heroskin12/vietsight/venv/lib/python3.10/site-packages/flask_wtf/csrf.py", line 36, in generate_csrf
    secret_key = _get_config(
  File "/home/heroskin12/vietsight/venv/lib/python3.10/site-packages/flask_wtf/csrf.py", line 136, in _get_config
    raise RuntimeError(message)
RuntimeError: A secret key is required to use CSRF.
2022-12-10 22:39:00,759 INFO: Vietsight startup [in /home/heroskin12/vietsight/app/__init__.py:69]
2022-12-10 22:39:50,148 INFO: Vietsight startup [in /home/heroskin12/vietsight/app/__init__.py:69]
2022-12-10 22:45:37,615 INFO: Vietsight startup [in /home/heroskin12/vietsight/app/__init__.py:69]
2022-12-10 22:47:29,720 INFO: Vietsight startup [in /home/heroskin12/vietsight/app/__init__.py:69]
2022-12-10 22:52:11,316 INFO: Vietsight startup [in /home/heroskin12/vietsight/app/__init__.py:69]
2022-12-10 22:54:20,954 INFO: Vietsight startup [in /home/heroskin12/vietsight/app/__init__.py:69]
2022-12-10 22:55:15,568 INFO: Vietsight startup [in /home/heroskin12/vietsight/app/__init__.py:69]
2022-12-10 23:02:38,149 INFO: Vietsight startup [in /home/heroskin12/vietsight/app/__init__.py:69]
2022-12-10 23:03:09,640 INFO: Vietsight startup [in /home/heroskin12/vietsight/app/__init__.py:69]
2022-12-10 23:04:00,911 INFO: Vietsight startup [in /home/heroskin12/vietsight/app/__init__.py:69]
2022-12-10 23:05:34,264 INFO: Vietsight startup [in /home/heroskin12/vietsight/app/__init__.py:69]
2022-12-10 23:09:30,267 INFO: Vietsight startup [in /home/heroskin12/vietsight/app/__init__.py:69]
2022-12-10 23:14:26,283 INFO: Vietsight startup [in /home/heroskin12/vietsight/app/__init__.py:69]
2022-12-10 23:17:17,696 INFO: Vietsight startup [in /home/heroskin12/vietsight/app/__init__.py:69]
2022-12-10 23:17:35,551 INFO: Vietsight startup [in /home/heroskin12/vietsight/app/__init__.py:69]
2022-12-10 23:20:58,769 INFO: Vietsight startup [in /home/heroskin12/vietsight/app/__init__.py:69]
2022-12-10 23:25:23,524 INFO: Vietsight startup [in /home/heroskin12/vietsight/app/__init__.py:69]
2022-12-10 23:25:53,348 INFO: Vietsight startup [in /home/heroskin12/vietsight/app/__init__.py:69]
2022-12-10 23:27:38,598 INFO: Vietsight startup [in /home/heroskin12/vietsight/app/__init__.py:69]
2022-12-10 23:28:50,005 INFO: Vietsight startup [in /home/heroskin12/vietsight/app/__init__.py:69]
2022-12-10 23:32:27,581 INFO: Vietsight startup [in /home/heroskin12/vietsight/app/__init__.py:69]
2022-12-10 23:37:47,030 INFO: Vietsight startup [in /home/heroskin12/vietsight/app/__init__.py:69]
2022-12-10 23:38:35,335 INFO: Vietsight startup [in /home/heroskin12/vietsight/app/__init__.py:69]
2022-12-10 23:39:28,992 INFO: Vietsight startup [in /home/heroskin12/vietsight/app/__init__.py:69]
2022-12-10 23:40:10,294 INFO: Vietsight startup [in /home/heroskin12/vietsight/app/__init__.py:69]
2022-12-10 23:40:49,448 INFO: Vietsight startup [in /home/heroskin12/vietsight/app/__init__.py:69]
2022-12-10 23:41:05,197 INFO: Vietsight startup [in /home/heroskin12/vietsight/app/__init__.py:69]
2022-12-10 23:44:25,349 INFO: Vietsight startup [in /home/heroskin12/vietsight/app/__init__.py:69]
2022-12-10 23:45:33,337 INFO: Vietsight startup [in /home/heroskin12/vietsight/app/__init__.py:69]
2022-12-10 23:46:07,317 INFO: Vietsight startup [in /home/heroskin12/vietsight/app/__init__.py:69]
2022-12-10 23:47:13,092 INFO: Vietsight startup [in /home/heroskin12/vietsight/app/__init__.py:69]
2022-12-11 11:26:35,233 INFO: Vietsight startup [in /home/heroskin12/vietsight/app/__init__.py:69]
